<?xml version="1.0" encoding="utf-8"?><testsuites name="pytest tests"><testsuite name="pytest" errors="0" failures="0" skipped="0" tests="58" time="5.963" timestamp="2026-02-19T19:31:08.642242-03:00" hostname="pop-os"><testcase classname="tests.datasets.test_ibis_upsert_dataset.TestIbisUpsertDataset" name="test_get_sqlalchemy_engine_configuration" time="0.008" /><testcase classname="tests.datasets.test_ibis_upsert_dataset.TestIbisUpsertDataset" name="test_init_upsert_mode" time="0.008" /><testcase classname="tests.datasets.test_ibis_upsert_dataset.TestIbisUpsertDataset" name="test_save_missing_columns" time="0.008" /><testcase classname="tests.datasets.test_ibis_upsert_dataset.TestIbisUpsertDataset" name="test_save_upsert_do_nothing" time="0.024" /><testcase classname="tests.datasets.test_ibis_upsert_dataset.TestIbisUpsertDataset" name="test_save_not_upsert" time="0.007" /><testcase classname="tests.datasets.test_ibis_upsert_dataset.TestIbisUpsertDataset" name="test_save_upsert_raw_conn_none" time="0.013" /><testcase classname="tests.datasets.test_ibis_upsert_dataset.TestIbisUpsertDataset" name="test_ensure_list" time="0.004" /><testcase classname="tests.datasets.test_ibis_upsert_dataset.TestIbisUpsertDataset" name="test_save_upsert_with_global_config" time="0.016" /><testcase classname="tests.datasets.test_ibis_upsert_dataset.TestIbisUpsertDataset" name="test_get_sqlalchemy_engine_existing" time="0.002" /><testcase classname="tests.datasets.test_ibis_upsert_dataset.TestIbisUpsertDataset" name="test_save_upsert_calls_correct_sql" time="0.017" /><testcase classname="tests.datasets.test_ibis_upsert_dataset.TestIbisUpsertDataset" name="test_save_empty_table" time="0.009" /><testcase classname="tests.kedro_settings.test_hooks.TestResourceMonitoringHook" name="test_on_pipeline_error" time="0.004" /><testcase classname="tests.datasets.test_ibis_upsert_dataset.TestIbisUpsertDataset" name="test_save_upsert_transaction_rollback_on_error" time="0.007" /><testcase classname="tests.datasets.test_ibis_upsert_dataset.TestIbisUpsertDataset" name="test_save_upsert_binary_copy_execution" time="0.021" /><testcase classname="tests.kedro_settings.test_hooks.TestResourceMonitoringHook" name="test_node_lifecycle" time="0.004" /><testcase classname="tests.datasets.test_ibis_upsert_dataset.TestIbisUpsertDataset" name="test_init_raises_error_on_mode_conflict" time="0.002" /><testcase classname="tests.kedro_settings.test_hooks.TestResourceMonitoringHook" name="test_on_node_error" time="0.002" /><testcase classname="tests.datasets.test_ibis_upsert_dataset.TestIbisUpsertDataset" name="test_save_upsert_temporary_table_consistency" time="0.021" /><testcase classname="tests.kedro_settings.test_hooks.TestCreateIndexesHook" name="test_hooks_run_conditions" time="0.007" /><testcase classname="tests.datasets.test_ibis_upsert_dataset.TestIbisUpsertDataset" name="test_save_upsert_is_distinct_logic" time="0.018" /><testcase classname="tests.kedro_settings.test_hooks.TestCreateIndexesHook" name="test_get_engine" time="0.005" /><testcase classname="tests.kedro_settings.test_settings.TestSettings" name="test_dotenv_is_loaded_on_import" time="0.003" /><testcase classname="tests.kedro_settings.test_settings.TestSettings" name="test_hooks_instance" time="0.001" /><testcase classname="tests.kedro_settings.test_settings.TestSettings" name="test_config_loader_setup" time="0.002" /><testcase classname="tests.kedro_settings.test_hooks.TestCreateIndexesHook" name="test_execute_sql_files_success" time="0.017" /><testcase classname="tests.kedro_settings.test_hooks.TestResourceMonitoringHook" name="test_before_pipeline_run_success" time="0.008" /><testcase classname="tests.datasets.test_ibis_upsert_dataset.TestIbisUpsertDataset" name="test_save_upsert_column_filtering" time="0.023" /><testcase classname="tests.pipelines.data_processing.test_nodes.TestDataProcessingNodes" name="test_validate_ibis_table_sucess" time="0.532" /><testcase classname="tests.kedro_settings.test_hooks.TestResourceMonitoringHook" name="test_before_pipeline_run_error_fallback" time="0.006" /><testcase classname="tests.kedro_settings.test_hooks.TestResourceMonitoringHook" name="test_after_pipeline_run" time="0.002" /><testcase classname="tests.kedro_settings.test_hooks.TestCreateIndexesHook" name="test_execute_sql_files_not_found" time="0.005" /><testcase classname="tests.pipelines.data_processing.test_nodes.TestDataProcessingNodes" name="test_extract_inventory_items_incremental_empty" time="0.653" /><testcase classname="tests.pipelines.data_processing.test_nodes.TestDataProcessingNodes" name="test_extract_products_exception_handling" time="0.044" /><testcase classname="tests.pipelines.data_processing.test_nodes.TestDataProcessingNodes" name="test_validate_ibis_table_failure" time="0.524" /><testcase classname="tests.pipelines.data_processing.test_nodes.TestDataProcessingNodes" name="test_extract_order_items_happy_path" time="0.987" /><testcase classname="tests.pipelines.data_processing.test_nodes.TestDataProcessingNodes" name="test_extract_products_fk_violation" time="0.294" /><testcase classname="tests.pipelines.data_processing.test_nodes.TestDataProcessingNodes" name="test_extract_users_transformation" time="0.237" /><testcase classname="tests.pipelines.data_processing.test_nodes.TestDataProcessingNodes" name="test_extract_orders_lookback_empty" time="0.058" /><testcase classname="tests.pipelines.data_processing.test_nodes.TestDataProcessingNodes" name="test_extract_inventory_items_db_exception" time="0.061" /><testcase classname="tests.pipelines.data_processing.test_nodes.TestDataProcessingNodes" name="test_extract_inventory_items_full_load" time="0.352" /><testcase classname="tests.pipelines.data_processing.test_nodes.TestDataProcessingNodes" name="test_extract_orders_fk_drop_and_exception" time="0.439" /><testcase classname="tests.pipelines.data_processing.test_nodes.TestDataProcessingNodes" name="test_validate_ibis_table_no_metrics" time="0.004" /><testcase classname="tests.pipelines.data_processing.test_pipeline.TestDataProcessingPipeline" name="test_pipeline_instance" time="0.013" /><testcase classname="tests.pipelines.data_processing.test_pipeline.TestDataProcessingPipeline" name="test_pipeline_dependencies" time="0.011" /><testcase classname="tests.pipelines.data_processing.test_pipeline.TestDataProcessingPipeline" name="test_node_names_are_mapped_correctly" time="0.010" /><testcase classname="tests.pipelines.data_processing.test_transforms.TestTransformTables" name="test_transform_distribution_centers" time="0.028" /><testcase classname="tests.pipelines.data_processing.test_transforms.TestTransformTables" name="test_transform_products" time="0.039" /><testcase classname="tests.pipelines.data_processing.test_transforms.TestTransformTables" name="test_transform_inventory_items" time="0.060" /><testcase classname="tests.pipelines.data_processing.test_transforms.TestTransformTables" name="test_transform_orders_and_items_temporal_logic" time="0.171" /><testcase classname="tests.pipelines.data_processing.test_nodes.TestDataProcessingNodes" name="test_extract_distribution_centers_happy_path" time="0.097" /><testcase classname="tests.pipelines.data_processing.test_nodes.TestDataProcessingNodes" name="test_extract_order_items_exceptions_and_drops" time="0.689" /><testcase classname="tests.utils.test_partial_func.TestCreateNodeFunc" name="test_should_preserve_function_metadata" time="0.002" /><testcase classname="tests.utils.test_partial_func.TestCreateNodeFunc" name="test_wrapper_signature_compatibility" time="0.001" /><testcase classname="tests.utils.test_partial_func.TestCreateNodeFunc" name="test_should_fail_on_missing_arguments" time="0.001" /><testcase classname="tests.utils.test_partial_func.TestCreateNodeFunc" name="test_interaction_with_mocks" time="0.003" /><testcase classname="tests.pipelines.data_processing.test_transforms.TestTransformTables" name="test_transform_events" time="0.048" /><testcase classname="tests.pipelines.data_processing.test_nodes.TestDataProcessingNodes" name="test_extract_events_happy_path" time="0.155" /><testcase classname="tests.utils.test_partial_func.TestCreateNodeFunc" name="test_should_pass_kwargs_correctly" time="0.002" /></testsuite></testsuites>